<?xml version="1.0" encoding="UTF-8"?>
<testng-results skipped="0" failed="0" ignored="0" total="7" passed="7">
  <reporter-output>
  </reporter-output>
  <suite name="Default suite" duration-ms="20047" started-at="2020-11-20T17:57:08 IST" finished-at="2020-11-20T17:57:28 IST">
    <groups>
    </groups>
    <test name="Default test" duration-ms="20047" started-at="2020-11-20T17:57:08 IST" finished-at="2020-11-20T17:57:28 IST">
      <class name="APITests.getMethod">
        <test-method status="PASS" signature="createRequest(java.lang.String)[pri:0, instance:APITests.getMethod@11c20519]" name="createRequest" duration-ms="5596" started-at="2020-11-20T17:57:08 IST" data-provider="SearchProvider" finished-at="2020-11-20T17:57:13 IST">
          <params>
            <param index="0">
              <value>
                <![CDATA[Prathik]]>
              </value>
            </param>
          </params>
          <reporter-output>
          </reporter-output>
        </test-method> <!-- createRequest -->
        <test-method status="PASS" signature="createRequest(java.lang.String)[pri:0, instance:APITests.getMethod@11c20519]" name="createRequest" duration-ms="2229" started-at="2020-11-20T17:57:13 IST" data-provider="SearchProvider" finished-at="2020-11-20T17:57:15 IST">
          <params>
            <param index="0">
              <value>
                <![CDATA[gaonkar]]>
              </value>
            </param>
          </params>
          <reporter-output>
          </reporter-output>
        </test-method> <!-- createRequest -->
        <test-method status="PASS" signature="createRequest(java.lang.String)[pri:0, instance:APITests.getMethod@11c20519]" name="createRequest" duration-ms="2392" started-at="2020-11-20T17:57:15 IST" data-provider="SearchProvider" finished-at="2020-11-20T17:57:18 IST">
          <params>
            <param index="0">
              <value>
                <![CDATA[  %^^^_]]>
              </value>
            </param>
          </params>
          <reporter-output>
          </reporter-output>
        </test-method> <!-- createRequest -->
        <test-method status="PASS" signature="createRequest(java.lang.String)[pri:0, instance:APITests.getMethod@11c20519]" name="createRequest" duration-ms="2762" started-at="2020-11-20T17:57:18 IST" data-provider="SearchProvider" finished-at="2020-11-20T17:57:21 IST">
          <params>
            <param index="0">
              <value>
                <![CDATA[111111]]>
              </value>
            </param>
          </params>
          <reporter-output>
          </reporter-output>
        </test-method> <!-- createRequest -->
        <test-method status="PASS" signature="readData()[pri:1, instance:APITests.getMethod@11c20519]" name="readData" duration-ms="2531" started-at="2020-11-20T17:57:21 IST" finished-at="2020-11-20T17:57:23 IST">
          <reporter-output>
          </reporter-output>
        </test-method> <!-- readData -->
        <test-method status="PASS" signature="updateData()[pri:2, instance:APITests.getMethod@11c20519]" name="updateData" duration-ms="2422" started-at="2020-11-20T17:57:23 IST" finished-at="2020-11-20T17:57:26 IST">
          <reporter-output>
          </reporter-output>
        </test-method> <!-- updateData -->
        <test-method status="PASS" signature="deleteData()[pri:3, instance:APITests.getMethod@11c20519]" name="deleteData" duration-ms="2042" started-at="2020-11-20T17:57:26 IST" finished-at="2020-11-20T17:57:28 IST">
          <reporter-output>
          </reporter-output>
        </test-method> <!-- deleteData -->
      </class> <!-- APITests.getMethod -->
    </test> <!-- Default test -->
  </suite> <!-- Default suite -->
</testng-results>
