<?xml version="1.0" encoding="UTF-8"?>
<testng-results skipped="0" failed="0" ignored="0" total="1" passed="1">
  <reporter-output>
  </reporter-output>
  <suite name="Default suite" duration-ms="75942" started-at="2020-05-01T13:35:17 IST" finished-at="2020-05-01T13:36:33 IST">
    <groups>
    </groups>
    <test name="Default test" duration-ms="75942" started-at="2020-05-01T13:35:17 IST" finished-at="2020-05-01T13:36:33 IST">
      <class name="AutomationFramework.TestNGPractice.simple">
        <test-method status="PASS" signature="invokeBrowser()[pri:0, instance:AutomationFramework.TestNGPractice.simple@cd2dae5]" name="invokeBrowser" is-config="true" duration-ms="67545" started-at="2020-05-01T13:35:17 IST" finished-at="2020-05-01T13:36:25 IST">
          <reporter-output>
          </reporter-output>
        </test-method> <!-- invokeBrowser -->
        <test-method status="PASS" signature="verify()[pri:0, instance:AutomationFramework.TestNGPractice.simple@cd2dae5]" name="verify" duration-ms="193" started-at="2020-05-01T13:36:25 IST" finished-at="2020-05-01T13:36:25 IST">
          <reporter-output>
          </reporter-output>
        </test-method> <!-- verify -->
        <test-method status="PASS" signature="quit()[pri:0, instance:AutomationFramework.TestNGPractice.simple@cd2dae5]" name="quit" is-config="true" duration-ms="7466" started-at="2020-05-01T13:36:26 IST" finished-at="2020-05-01T13:36:33 IST">
          <reporter-output>
          </reporter-output>
        </test-method> <!-- quit -->
      </class> <!-- AutomationFramework.TestNGPractice.simple -->
    </test> <!-- Default test -->
  </suite> <!-- Default suite -->
</testng-results>
