<?xml version="1.0" encoding="UTF-8"?>
<testng-results skipped="0" failed="0" ignored="0" total="1" passed="1">
  <reporter-output>
  </reporter-output>
  <suite name="Default suite" duration-ms="80943" started-at="2020-06-05T14:35:11 IST" finished-at="2020-06-05T14:36:32 IST">
    <groups>
    </groups>
    <test name="Default test" duration-ms="80943" started-at="2020-06-05T14:35:11 IST" finished-at="2020-06-05T14:36:32 IST">
      <class name="com.crm.qa.base.TestBase">
        <test-method status="PASS" signature="invokeBrowser()[pri:0, instance:com.crm.qa.base.TestBase@2b552920]" name="invokeBrowser" duration-ms="80546" started-at="2020-06-05T14:35:11 IST" finished-at="2020-06-05T14:36:32 IST">
          <reporter-output>
          </reporter-output>
        </test-method> <!-- invokeBrowser -->
      </class> <!-- com.crm.qa.base.TestBase -->
    </test> <!-- Default test -->
  </suite> <!-- Default suite -->
</testng-results>
