<?xml version="1.0" encoding="UTF-8"?>
<!-- Generated by org.testng.reporters.JUnitXMLReporter -->
<testsuite hostname="bbldvprathikg" ignored="0" name="Test" tests="1" failures="1" timestamp="2020-01-28T17:54:32 IST" time="0.137" errors="0">
  <testcase name="login" time="0.057" classname="testingFiles.Anot2">
    <failure type="java.io.FileNotFoundException" message="\home\prathik.g\eclipse-workspace\TestNG2\src\testingFiles\datadriven.properties (No such file or directory)">
      <![CDATA[java.io.FileNotFoundException: \home\prathik.g\eclipse-workspace\TestNG2\src\testingFiles\datadriven.properties (No such file or directory)
at java.io.FileInputStream.open0(Native Method)
at java.io.FileInputStream.open(FileInputStream.java:195)
at java.io.FileInputStream.<init>(FileInputStream.java:138)
at java.io.FileInputStream.<init>(FileInputStream.java:93)
at testingFiles.Anot2.login(Anot2.java:22)
at java.util.ArrayList.forEach(ArrayList.java:1257)
... Removed 27 stack frames]]>
    </failure>
  </testcase> <!-- login -->
</testsuite> <!-- Test -->
