<?xml version="1.0" encoding="UTF-8"?>
<testng-results skipped="0" failed="0" ignored="0" total="1" passed="1">
  <reporter-output>
  </reporter-output>
  <suite name="Default suite" duration-ms="51225" started-at="2020-01-28T18:01:18 IST" finished-at="2020-01-28T18:02:09 IST">
    <groups>
    </groups>
    <test name="Default test" duration-ms="51225" started-at="2020-01-28T18:01:18 IST" finished-at="2020-01-28T18:02:09 IST">
      <class name="testingFiles.Anot2">
        <test-method status="PASS" signature="login()[pri:0, instance:testingFiles.Anot2@5f9d02cb]" name="login" duration-ms="50292" started-at="2020-01-28T18:01:18 IST" finished-at="2020-01-28T18:02:08 IST">
          <reporter-output>
          </reporter-output>
        </test-method> <!-- login -->
      </class> <!-- testingFiles.Anot2 -->
    </test> <!-- Default test -->
  </suite> <!-- Default suite -->
</testng-results>
