<?xml version="1.0" encoding="UTF-8"?>
<!-- Generated by org.testng.reporters.JUnitXMLReporter -->
<testsuite ignored="0" name="Test2" tests="3" failures="0" timestamp="2020-05-07T12:03:25 IST" time="150.846" errors="0">
  <testcase name="contactPagetitle" time="0.055" classname="com.crm.qa.testcases.ContactPageTest"/>
  <testcase name="createContactCheck" time="13.68" classname="com.crm.qa.testcases.ContactPageTest"/>
  <testcase name="verifyContactDetails" time="5.009" classname="com.crm.qa.testcases.ContactPageTest"/>
</testsuite> <!-- Test2 -->
