<?xml version="1.0" encoding="UTF-8"?>
<!-- Generated by org.testng.reporters.JUnitXMLReporter -->
<testsuite ignored="0" name="Test1" tests="3" failures="0" timestamp="2020-05-07T12:00:18 IST" time="181.379" errors="0">
  <testcase name="loginCheck" time="102.461" classname="com.crm.qa.testcases.LoginPageTest"/>
  <testcase name="titleCheck" time="0.078" classname="com.crm.qa.testcases.LoginPageTest"/>
  <testcase name="nameCheck" time="0.253" classname="com.crm.qa.testcases.LoginPageTest"/>
</testsuite> <!-- Test1 -->
