<?xml version="1.0" encoding="UTF-8"?>
<!-- Generated by org.testng.reporters.JUnitXMLReporter -->
<testsuite ignored="0" name="Test3" tests="3" failures="0" timestamp="2020-05-07T12:05:43 IST" time="119.741" errors="0">
  <testcase name="verifyTaskPage" time="3.008" classname="com.crm.qa.testcases.TaskPageTest"/>
  <testcase name="createOneTask" time="11.652" classname="com.crm.qa.testcases.TaskPageTest"/>
  <testcase name="veriftTaskCreatePage" time="5.032" classname="com.crm.qa.testcases.TaskPageTest"/>
</testsuite> <!-- Test3 -->
