<?xml version="1.0" encoding="UTF-8"?>
<!-- Generated by org.testng.reporters.JUnitXMLReporter -->
<testsuite ignored="0" name="Default test" tests="7" failures="0" timestamp="2020-11-20T17:57:46 IST" time="20.047" errors="0">
  <testcase name="createRequest" time="5.596" classname="APITests.getMethod"/>
  <testcase name="createRequest" time="2.229" classname="APITests.getMethod"/>
  <testcase name="createRequest" time="2.392" classname="APITests.getMethod"/>
  <testcase name="createRequest" time="2.762" classname="APITests.getMethod"/>
  <testcase name="readData" time="2.531" classname="APITests.getMethod"/>
  <testcase name="updateData" time="2.422" classname="APITests.getMethod"/>
  <testcase name="deleteData" time="2.042" classname="APITests.getMethod"/>
</testsuite> <!-- Default test -->
