<?xml version="1.0" encoding="UTF-8"?>
<!-- Generated by org.testng.reporters.JUnitXMLReporter -->
<testsuite hostname="bbldvprathikg" ignored="2" name="HomeLoan" tests="1" failures="0" timestamp="2020-01-21T16:27:52 IST" time="0.008" errors="0">
  <testcase name="drive" time="0.002" classname="Test.day4"/>
  <testcase name="homeLoanWebLogin" time="0.0" classname="Test.day4">
    <ignored/>
  </testcase> <!-- homeLoanWebLogin -->
  <testcase name="homeLogin" time="0.0" classname="Test.day4">
    <ignored/>
  </testcase> <!-- homeLogin -->
</testsuite> <!-- HomeLoan -->
