<?xml version="1.0" encoding="UTF-8"?>
<!-- Generated by org.testng.reporters.JUnitXMLReporter -->
<testsuite hostname="bbldvprathikg" ignored="0" name="Regretion" tests="8" failures="0" timestamp="2020-01-22T13:00:20 IST" time="0.102" errors="0">
  <testcase name="carLoanWebLogin" time="0.011" classname="Test.day3"/>
  <testcase name="jump" time="0.003" classname="Test.day2"/>
  <testcase name="stone" time="0.002" classname="Test.day2"/>
  <testcase name="run" time="0.001" classname="Test.day"/>
  <testcase name="run1" time="0.003" classname="Test.day"/>
  <testcase name="homeLoanWebLogin" time="0.002" classname="Test.day4"/>
  <testcase name="homeLogin" time="0.002" classname="Test.day4"/>
  <testcase name="ton" time="0.001" classname="Test.day4"/>
</testsuite> <!-- Regretion -->
