<?xml version="1.0" encoding="UTF-8"?>
<!-- Generated by org.testng.reporters.JUnitXMLReporter -->
<testsuite hostname="bbldvprathikg" ignored="6" name="SmokeTest" tests="3" failures="0" timestamp="2020-01-22T13:32:35 IST" time="0.104" errors="0">
  <testcase name="carLoanWebLogin" time="0.024" classname="Test.day3"/>
  <testcase name="homeLogin" time="0.003" classname="Test.day4"/>
  <testcase name="ton" time="0.003" classname="Test.day4"/>
  <testcase name="homeLoanWebLogin" time="0.0" classname="Test.day4">
    <ignored/>
  </testcase> <!-- homeLoanWebLogin -->
  <testcase name="stone" time="0.0" classname="Test.day2">
    <ignored/>
  </testcase> <!-- stone -->
  <testcase name="run" time="0.0" classname="Test.day">
    <ignored/>
  </testcase> <!-- run -->
  <testcase name="star" time="0.0" classname="Test.day">
    <ignored/>
  </testcase> <!-- star -->
  <testcase name="abc" time="0.0" classname="Test.day">
    <ignored/>
  </testcase> <!-- abc -->
  <testcase name="jump" time="0.0" classname="Test.day2">
    <ignored/>
  </testcase> <!-- jump -->
</testsuite> <!-- SmokeTest -->
